<?xml version="1.0" encoding="UTF-8"?>
<testsuite xmlns:xsi="http://www.w3.org/2001/XMLSchema-instance" xsi:noNamespaceSchemaLocation="https://maven.apache.org/surefire/maven-surefire-plugin/xsd/surefire-test-report.xsd" name="com.chan.SpringBoot1ApplicationTests" time="9.017" tests="2" errors="0" skipped="0" failures="0">
  <properties>
[...]
</properties>
  <testcase name="Sort" classname="com.chan.SpringBoot1ApplicationTests" time="0.365"/>
  <testcase name="contextLoads" classname="com.chan.SpringBoot1ApplicationTests" time="0.035"/>
</testsuite>